2023-04-11 17:48:06,335 +0530 [main] INFO  (SigninTest.java:29) - Browser launched successfully
2023-04-11 17:48:06,422 +0530 [main] INFO  (SigninTest.java:38) - Title validated successfully
2023-04-11 17:48:12,318 +0530 [main] INFO  (SigninTest.java:29) - Browser launched successfully
2023-04-11 17:48:30,152 +0530 [main] INFO  (SigninTest.java:29) - Browser launched successfully
2023-04-11 17:48:44,128 +0530 [main] INFO  (SigninTest.java:53) - Sign  successfully
2023-04-13 11:24:26,300 +0530 [main] INFO  (SigninTest.java:29) - Browser launched successfully
2023-04-13 11:24:26,905 +0530 [main] INFO  (SigninTest.java:38) - Title validated successfully
2023-04-13 11:24:36,328 +0530 [main] INFO  (SigninTest.java:29) - Browser launched successfully
2023-04-13 11:24:36,872 +0530 [main] INFO  (SigninTest.java:46) - logo validated successfully
2023-04-13 11:24:43,148 +0530 [main] INFO  (SigninTest.java:29) - Browser launched successfully
2023-04-13 11:24:57,119 +0530 [main] INFO  (SigninTest.java:53) - Sign  successfully
2023-04-13 12:16:27,622 +0530 [main] INFO  (SigninTest.java:29) - Browser launched successfully
2023-04-13 12:16:47,308 +0530 [main] INFO  (SigninTest.java:39) - Title validated successfully
2023-04-13 12:16:58,012 +0530 [main] INFO  (SigninTest.java:29) - Browser launched successfully
2023-04-13 12:17:15,498 +0530 [main] INFO  (SigninTest.java:47) - logo validated successfully
2023-04-15 14:57:11,619 +0530 [main] INFO  (SigninTest.java:29) - Browser launched successfully
2023-04-15 14:57:11,709 +0530 [main] INFO  (SigninTest.java:39) - Title validated successfully
2023-04-15 14:57:18,581 +0530 [main] INFO  (SigninTest.java:29) - Browser launched successfully
2023-04-15 14:57:18,844 +0530 [main] INFO  (SigninTest.java:47) - logo validated successfully
2023-04-15 14:57:25,438 +0530 [main] INFO  (SigninTest.java:29) - Browser launched successfully
2023-04-15 14:57:39,266 +0530 [main] INFO  (SigninTest.java:54) - Sign  successfully
2023-04-15 15:54:20,152 +0530 [main] INFO  (SigninTest.java:29) - Browser launched successfully
2023-04-15 15:54:20,333 +0530 [main] INFO  (SigninTest.java:39) - Title validated successfully
2023-04-15 15:54:27,525 +0530 [main] INFO  (SigninTest.java:29) - Browser launched successfully
2023-04-15 15:54:27,695 +0530 [main] INFO  (SigninTest.java:47) - logo validated successfully
2023-04-15 15:54:35,423 +0530 [main] INFO  (SigninTest.java:29) - Browser launched successfully
2023-04-15 15:54:49,380 +0530 [main] INFO  (SigninTest.java:54) - Sign  successfully
2023-04-15 15:57:29,640 +0530 [main] INFO  (SigninTest.java:29) - Browser launched successfully
2023-04-15 15:57:29,749 +0530 [main] INFO  (SigninTest.java:39) - Title validated successfully
2023-04-15 15:57:36,733 +0530 [main] INFO  (SigninTest.java:29) - Browser launched successfully
2023-04-15 15:57:36,973 +0530 [main] INFO  (SigninTest.java:47) - logo validated successfully
2023-04-15 15:57:43,258 +0530 [main] INFO  (SigninTest.java:29) - Browser launched successfully
2023-04-15 15:57:57,010 +0530 [main] INFO  (SigninTest.java:54) - Sign  successfully
2023-04-15 15:59:34,256 +0530 [main] INFO  (SigninTest.java:29) - Browser launched successfully
2023-04-15 15:59:34,389 +0530 [main] INFO  (SigninTest.java:39) - Title validated successfully
2023-04-15 15:59:42,871 +0530 [main] INFO  (SigninTest.java:29) - Browser launched successfully
2023-04-15 15:59:43,050 +0530 [main] INFO  (SigninTest.java:47) - logo validated successfully
2023-04-15 15:59:51,923 +0530 [main] INFO  (SigninTest.java:29) - Browser launched successfully
2023-04-15 16:00:06,182 +0530 [main] INFO  (SigninTest.java:54) - Sign  successfully
2023-04-15 19:00:59,686 +0530 [main] INFO  (SigninTest.java:29) - Browser launched successfully
2023-04-15 19:00:59,776 +0530 [main] INFO  (SigninTest.java:39) - Title validated successfully
2023-04-15 19:01:06,897 +0530 [main] INFO  (SigninTest.java:29) - Browser launched successfully
2023-04-15 19:01:07,120 +0530 [main] INFO  (SigninTest.java:47) - logo validated successfully
2023-04-15 19:01:12,689 +0530 [main] INFO  (SigninTest.java:29) - Browser launched successfully
2023-04-15 19:01:48,375 +0530 [main] INFO  (HomePageTest.java:69) - adding 
2023-04-15 22:23:47,629 +0530 [main] INFO  (SigninTest.java:29) - Browser launched successfully
2023-04-15 22:23:47,798 +0530 [main] INFO  (SigninTest.java:39) - Title validated successfully
2023-04-15 22:23:54,846 +0530 [main] INFO  (SigninTest.java:29) - Browser launched successfully
2023-04-15 22:23:55,017 +0530 [main] INFO  (SigninTest.java:47) - logo validated successfully
2023-04-15 22:24:04,604 +0530 [main] INFO  (SigninTest.java:29) - Browser launched successfully
2023-04-15 22:24:19,912 +0530 [main] INFO  (SigninTest.java:54) - Sign  successfully
2023-04-15 22:24:41,471 +0530 [main] INFO  (HomePageTest.java:69) - adding 
2023-04-15 22:37:39,836 +0530 [main] INFO  (HomePageTest.java:69) - adding 
2023-04-15 22:50:24,019 +0530 [main] INFO  (HomePageTest.java:69) - add
2023-04-15 22:55:29,740 +0530 [main] INFO  (HomePageTest.java:69) - add
2023-04-15 22:57:36,579 +0530 [main] INFO  (HomePageTest.java:69) - add
2023-04-15 23:21:05,622 +0530 [main] INFO  (HomePageTest.java:69) - add
